<?xml version="1.0" encoding="UTF-8"?>
<testsuite xmlns:xsi="http://www.w3.org/2001/XMLSchema-instance" xsi:noNamespaceSchemaLocation="https://maven.apache.org/surefire/maven-surefire-plugin/xsd/surefire-test-report.xsd" name="es.ull.flights.FlightTest" time="0.037" tests="4" errors="4" skipped="0" failures="0">
  <properties>
[...]
</properties>
  <testcase name="testGetNumberOfPassengers" classname="es.ull.flights.FlightTest" time="0.027">
    <error message="Invalid flight number" type="java.lang.RuntimeException">java.lang.RuntimeException: Invalid flight number
	at es.ull.flights.FlightTest.setUp(FlightTest.java:21)
</error>
  </testcase>
  <testcase name="testGetFlightNumber" classname="es.ull.flights.FlightTest" time="0">
    <error message="Invalid flight number" type="java.lang.RuntimeException">java.lang.RuntimeException: Invalid flight number
	at es.ull.flights.FlightTest.setUp(FlightTest.java:21)
</error>
  </testcase>
  <testcase name="testAddPassenger" classname="es.ull.flights.FlightTest" time="0.002">
    <error message="Invalid flight number" type="java.lang.RuntimeException">java.lang.RuntimeException: Invalid flight number
	at es.ull.flights.FlightTest.setUp(FlightTest.java:21)
</error>
  </testcase>
  <testcase name="testRemovePassenger" classname="es.ull.flights.FlightTest" time="0.001">
    <error message="Invalid flight number" type="java.lang.RuntimeException">java.lang.RuntimeException: Invalid flight number
	at es.ull.flights.FlightTest.setUp(FlightTest.java:21)
</error>
  </testcase>
</testsuite>